<?xml version="1.0" encoding="UTF-8"?>
<testsuite name="com.demo.demo_deploy.DemoDeployApplicationTests" tests="1" skipped="0" failures="0" errors="0" timestamp="2025-08-11T09:13:55.688Z" hostname="DESKTOP-GGNHQCC" time="2.4">
  <properties/>
  <testcase name="contextLoads()" classname="com.demo.demo_deploy.DemoDeployApplicationTests" time="2.4"/>
  <system-out><![CDATA[13:13:53.359 [Test worker] INFO org.springframework.test.context.support.AnnotationConfigContextLoaderUtils -- Could not detect default configuration classes for test class [com.demo.demo_deploy.DemoDeployApplicationTests]: DemoDeployApplicationTests does not declare any static, non-private, non-final, nested classes annotated with @Configuration.
13:13:53.541 [Test worker] INFO org.springframework.boot.test.context.SpringBootTestContextBootstrapper -- Found @SpringBootConfiguration com.demo.demo_deploy.DemoDeployApplication for test class com.demo.demo_deploy.DemoDeployApplicationTests

  .   ____          _            __ _ _
 /\\ / ___'_ __ _ _(_)_ __  __ _ \ \ \ \
( ( )\___ | '_ | '_| | '_ \/ _` | \ \ \ \
 \\/  ___)| |_)| | | | | || (_| |  ) ) ) )
  '  |____| .__|_| |_|_| |_\__, | / / / /
 =========|_|==============|___/=/_/_/_/

 :: Spring Boot ::                (v3.5.4)

2025-08-11T13:13:54.340+04:00  INFO 11364 --- [demo-deploy] [    Test worker] c.d.d.DemoDeployApplicationTests         : Starting DemoDeployApplicationTests using Java 21.0.6 with PID 11364 (started by LENOVO in C:\Users\LENOVO\Desktop\Spring Projects\demo-deploy)
2025-08-11T13:13:54.342+04:00  INFO 11364 --- [demo-deploy] [    Test worker] c.d.d.DemoDeployApplicationTests         : No active profile set, falling back to 1 default profile: "default"
2025-08-11T13:13:55.663+04:00  INFO 11364 --- [demo-deploy] [    Test worker] c.d.d.DemoDeployApplicationTests         : Started DemoDeployApplicationTests in 1.662 seconds (process running for 3.435)
]]></system-out>
  <system-err><![CDATA[Mockito is currently self-attaching to enable the inline-mock-maker. This will no longer work in future releases of the JDK. Please add Mockito as an agent to your build as described in Mockito's documentation: https://javadoc.io/doc/org.mockito/mockito-core/latest/org.mockito/org/mockito/Mockito.html#0.3
WARNING: A Java agent has been loaded dynamically (C:\Users\LENOVO\.gradle\caches\modules-2\files-2.1\net.bytebuddy\byte-buddy-agent\1.17.6\17b32fd9f57deef02842f7f05abc4ad8127fe34e\byte-buddy-agent-1.17.6.jar)
WARNING: If a serviceability tool is in use, please run with -XX:+EnableDynamicAgentLoading to hide this warning
WARNING: If a serviceability tool is not in use, please run with -Djdk.instrument.traceUsage for more information
WARNING: Dynamic loading of agents will be disallowed by default in a future release
]]></system-err>
</testsuite>
